<?xml version="1.0" encoding="UTF-8"?>
<testsuite xmlns:xsi="http://www.w3.org/2001/XMLSchema-instance" xsi:noNamespaceSchemaLocation="https://maven.apache.org/surefire/maven-surefire-plugin/xsd/surefire-test-report.xsd" name="com.library.LibraryTest" time="5.056" tests="3" errors="0" skipped="0" failures="0">
  <properties>
[...]
</properties>
  <testcase name="testSleep" classname="com.library.LibraryTest" time="5.03"/>
  <testcase name="testRequest" classname="com.library.LibraryTest" time="0.001"/>
  <testcase name="testCreateMembers" classname="com.library.LibraryTest" time="0.001"/>
</testsuite>